<?xml version="1.0" encoding="UTF-8"?>
<testsuite name="com.ipl2019.IPLMatch2019Test" tests="1" skipped="0" failures="0" errors="0" timestamp="2019-12-16T04:15:49" hostname="admin165-desktop" time="112.766">
  <properties/>
  <testcase name="givenIPLRunRecordsFile_sortedByGoodbatsMan_shouldReturnResult" classname="com.ipl2019.IPLMatch2019Test" time="112.766"/>
  <system-out><![CDATA[]]></system-out>
  <system-err><![CDATA[]]></system-err>
</testsuite>
