<?xml version="1.0" encoding="UTF-8"?>
<testsuite name="com.ipl2019.IPLMatch2019Test" tests="1" skipped="0" failures="1" errors="0" timestamp="2019-12-16T09:17:14" hostname="admin165-desktop" time="0.311">
  <properties/>
  <testcase name="givenIPLRunsRecordFile_sortedByMinimumStrikingWithGreatAverage_shouldReturnPlayer" classname="com.ipl2019.IPLMatch2019Test" time="0.311">
    <failure message="org.junit.ComparisonFailure: expected:&lt;[MS Dhoni]&gt; but was:&lt;[Tim Southee]&gt;" type="org.junit.ComparisonFailure">org.junit.ComparisonFailure: expected:&lt;[MS Dhoni]&gt; but was:&lt;[Tim Southee]&gt;
	at org.junit.Assert.assertEquals(Assert.java:115)
	at org.junit.Assert.assertEquals(Assert.java:144)
	at com.ipl2019.IPLMatch2019Test.givenIPLRunsRecordFile_sortedByMinimumStrikingWithGreatAverage_shouldReturnPlayer(IPLMatch2019Test.java:200)
	at java.base/jdk.internal.reflect.NativeMethodAccessorImpl.invoke0(Native Method)
	at java.base/jdk.internal.reflect.NativeMethodAccessorImpl.invoke(NativeMethodAccessorImpl.java:62)
	at java.base/jdk.internal.reflect.DelegatingMethodAccessorImpl.invoke(DelegatingMethodAccessorImpl.java:43)
	at java.base/java.lang.reflect.Method.invoke(Method.java:566)
	at org.junit.runners.model.FrameworkMethod$1.runReflectiveCall(FrameworkMethod.java:50)
	at org.junit.internal.runners.model.ReflectiveCallable.run(ReflectiveCallable.java:12)
	at org.junit.runners.model.FrameworkMethod.invokeExplosively(FrameworkMethod.java:47)
	at org.junit.internal.runners.statements.InvokeMethod.evaluate(InvokeMethod.java:17)
	at org.junit.runners.ParentRunner.runLeaf(ParentRunner.java:325)
	at org.junit.runners.BlockJUnit4ClassRunner.runChild(BlockJUnit4ClassRunner.java:78)
	at org.junit.runners.BlockJUnit4ClassRunner.runChild(BlockJUnit4ClassRunner.java:57)
	at org.junit.runners.ParentRunner$3.run(ParentRunner.java:290)
	at org.junit.runners.ParentRunner$1.schedule(ParentRunner.java:71)
	at org.junit.runners.ParentRunner.runChildren(ParentRunner.java:288)
	at org.junit.runners.ParentRunner.access$000(ParentRunner.java:58)
	at org.junit.runners.ParentRunner$2.evaluate(ParentRunner.java:268)
	at org.junit.runners.ParentRunner.run(ParentRunner.java:363)
	at org.gradle.api.internal.tasks.testing.junit.JUnitTestClassExecutor.runTestClass(JUnitTestClassExecutor.java:110)
	at org.gradle.api.internal.tasks.testing.junit.JUnitTestClassExecutor.execute(JUnitTestClassExecutor.java:58)
	at org.gradle.api.internal.tasks.testing.junit.JUnitTestClassExecutor.execute(JUnitTestClassExecutor.java:38)
	at org.gradle.api.internal.tasks.testing.junit.AbstractJUnitTestClassProcessor.processTestClass(AbstractJUnitTestClassProcessor.java:62)
	at org.gradle.api.internal.tasks.testing.SuiteTestClassProcessor.processTestClass(SuiteTestClassProcessor.java:51)
	at java.base/jdk.internal.reflect.NativeMethodAccessorImpl.invoke0(Native Method)
	at java.base/jdk.internal.reflect.NativeMethodAccessorImpl.invoke(NativeMethodAccessorImpl.java:62)
	at java.base/jdk.internal.reflect.DelegatingMethodAccessorImpl.invoke(DelegatingMethodAccessorImpl.java:43)
	at java.base/java.lang.reflect.Method.invoke(Method.java:566)
	at org.gradle.internal.dispatch.ReflectionDispatch.dispatch(ReflectionDispatch.java:35)
	at org.gradle.internal.dispatch.ReflectionDispatch.dispatch(ReflectionDispatch.java:24)
	at org.gradle.internal.dispatch.ContextClassLoaderDispatch.dispatch(ContextClassLoaderDispatch.java:32)
	at org.gradle.internal.dispatch.ProxyDispatchAdapter$DispatchingInvocationHandler.invoke(ProxyDispatchAdapter.java:93)
	at com.sun.proxy.$Proxy2.processTestClass(Unknown Source)
	at org.gradle.api.internal.tasks.testing.worker.TestWorker.processTestClass(TestWorker.java:118)
	at java.base/jdk.internal.reflect.NativeMethodAccessorImpl.invoke0(Native Method)
	at java.base/jdk.internal.reflect.NativeMethodAccessorImpl.invoke(NativeMethodAccessorImpl.java:62)
	at java.base/jdk.internal.reflect.DelegatingMethodAccessorImpl.invoke(DelegatingMethodAccessorImpl.java:43)
	at java.base/java.lang.reflect.Method.invoke(Method.java:566)
	at org.gradle.internal.dispatch.ReflectionDispatch.dispatch(ReflectionDispatch.java:35)
	at org.gradle.internal.dispatch.ReflectionDispatch.dispatch(ReflectionDispatch.java:24)
	at org.gradle.internal.remote.internal.hub.MessageHubBackedObjectConnection$DispatchWrapper.dispatch(MessageHubBackedObjectConnection.java:175)
	at org.gradle.internal.remote.internal.hub.MessageHubBackedObjectConnection$DispatchWrapper.dispatch(MessageHubBackedObjectConnection.java:157)
	at org.gradle.internal.remote.internal.hub.MessageHub$Handler.run(MessageHub.java:404)
	at org.gradle.internal.concurrent.ExecutorPolicy$CatchAndRecordFailures.onExecute(ExecutorPolicy.java:63)
	at org.gradle.internal.concurrent.ManagedExecutorImpl$1.run(ManagedExecutorImpl.java:46)
	at java.base/java.util.concurrent.ThreadPoolExecutor.runWorker(ThreadPoolExecutor.java:1128)
	at java.base/java.util.concurrent.ThreadPoolExecutor$Worker.run(ThreadPoolExecutor.java:628)
	at org.gradle.internal.concurrent.ThreadFactoryImpl$ManagedThreadRunnable.run(ThreadFactoryImpl.java:55)
	at java.base/java.lang.Thread.run(Thread.java:834)
</failure>
  </testcase>
  <system-out><![CDATA[[{"player":"Tim Southee","match":0,"century":0,"fifty":0,"average":0.0,"noOfFours":0,"noOfSixs":0,"strikingRate":100.0},{"player":"Alzarri Joseph","match":0,"century":0,"fifty":0,"average":0.0,"noOfFours":2,"noOfSixs":0,"strikingRate":115.38},{"player":"Harpreet Brar","match":0,"century":0,"fifty":0,"average":0.0,"noOfFours":2,"noOfSixs":1,"strikingRate":166.66},{"player":"Ishant Sharma","match":0,"century":0,"fifty":0,"average":0.0,"noOfFours":1,"noOfSixs":1,"strikingRate":333.33},{"player":"Pawan Negi","match":0,"century":0,"fifty":0,"average":2.25,"noOfFours":1,"noOfSixs":0,"strikingRate":75.0},{"player":"Keemo Paul","match":0,"century":0,"fifty":0,"average":3.6,"noOfFours":1,"noOfSixs":1,"strikingRate":75.0},{"player":"Mitchell McClenaghan","match":0,"century":0,"fifty":0,"average":3.66,"noOfFours":2,"noOfSixs":0,"strikingRate":68.75},{"player":"Bhuvneshwar Kumar","match":0,"century":0,"fifty":0,"average":4.0,"noOfFours":1,"noOfSixs":0,"strikingRate":63.15},{"player":"Kagiso Rabada","match":0,"century":0,"fifty":0,"average":4.66,"noOfFours":0,"noOfSixs":1,"strikingRate":93.33},{"player":"Chris Morris","match":0,"century":0,"fifty":0,"average":5.33,"noOfFours":1,"noOfSixs":2,"strikingRate":86.48},{"player":"Carlos Brathwaite","match":0,"century":0,"fifty":0,"average":5.5,"noOfFours":1,"noOfSixs":0,"strikingRate":110.0},{"player":"Krishnappa Gowtham","match":0,"century":0,"fifty":0,"average":6.0,"noOfFours":1,"noOfSixs":1,"strikingRate":94.73},{"player":"Rahul Chahar","match":0,"century":0,"fifty":0,"average":6.0,"noOfFours":2,"noOfSixs":0,"strikingRate":109.09},{"player":"Kuldeep Yadav","match":0,"century":0,"fifty":0,"average":6.0,"noOfFours":1,"noOfSixs":0,"strikingRate":150.0},{"player":"Rashid Khan","match":0,"century":0,"fifty":0,"average":6.8,"noOfFours":2,"noOfSixs":2,"strikingRate":147.82},{"player":"Shardul Thakur","match":0,"century":0,"fifty":0,"average":7.0,"noOfFours":1,"noOfSixs":1,"strikingRate":200.0},{"player":"Ravichandran Ashwin","match":0,"century":0,"fifty":0,"average":8.4,"noOfFours":3,"noOfSixs":3,"strikingRate":150.0},{"player":"Shakib Al Hasan","match":0,"century":0,"fifty":0,"average":9.0,"noOfFours":0,"noOfSixs":0,"strikingRate":90.0},{"player":"Ben Cutting","match":0,"century":0,"fifty":0,"average":9.0,"noOfFours":1,"noOfSixs":1,"strikingRate":105.88},{"player":"Amit Mishra","match":0,"century":0,"fifty":0,"average":10.5,"noOfFours":2,"noOfSixs":0,"strikingRate":87.5},{"player":"Deepak Hooda","match":0,"century":0,"fifty":0,"average":10.66,"noOfFours":5,"noOfSixs":1,"strikingRate":101.58},{"player":"Akshdeep Nath","match":0,"century":0,"fifty":0,"average":12.2,"noOfFours":5,"noOfSixs":2,"strikingRate":107.01},{"player":"Umesh Yadav","match":0,"century":0,"fifty":0,"average":12.5,"noOfFours":3,"noOfSixs":1,"strikingRate":100.0},{"player":"Yusuf Pathan","match":0,"century":0,"fifty":0,"average":13.33,"noOfFours":1,"noOfSixs":1,"strikingRate":88.88},{"player":"Shivam Dube","match":0,"century":0,"fifty":0,"average":13.33,"noOfFours":1,"noOfSixs":3,"strikingRate":121.21},{"player":"Piyush Chawla","match":0,"century":0,"fifty":0,"average":14.0,"noOfFours":4,"noOfSixs":2,"strikingRate":113.51},{"player":"Sherfane Rutherford","match":0,"century":0,"fifty":0,"average":14.6,"noOfFours":2,"noOfSixs":7,"strikingRate":135.18},{"player":"Siddhesh Lad","match":0,"century":0,"fifty":0,"average":15.0,"noOfFours":1,"noOfSixs":1,"strikingRate":115.38},{"player":"Colin de Grandhomme","match":0,"century":0,"fifty":0,"average":15.33,"noOfFours":4,"noOfSixs":2,"strikingRate":93.87},{"player":"Shreyas Gopal","match":0,"century":0,"fifty":0,"average":15.75,"noOfFours":8,"noOfSixs":1,"strikingRate":136.95},{"player":"Evin Lewis","match":0,"century":0,"fifty":0,"average":16.0,"noOfFours":4,"noOfSixs":2,"strikingRate":92.3},{"player":"Simran Singh","match":0,"century":0,"fifty":0,"average":16.0,"noOfFours":1,"noOfSixs":1,"strikingRate":94.11},{"player":"Dwayne Bravo","match":0,"century":0,"fifty":0,"average":16.0,"noOfFours":6,"noOfSixs":3,"strikingRate":121.21},{"player":"Krunal Pandya","match":0,"century":0,"fifty":0,"average":16.63,"noOfFours":18,"noOfSixs":5,"strikingRate":122.0},{"player":"Ishan Kishan","match":0,"century":0,"fifty":0,"average":16.83,"noOfFours":8,"noOfSixs":4,"strikingRate":101.0},{"player":"Wriddhiman Saha","match":0,"century":0,"fifty":0,"average":17.2,"noOfFours":13,"noOfSixs":1,"strikingRate":162.26},{"player":"Sunil Narine","match":0,"century":0,"fifty":0,"average":17.87,"noOfFours":17,"noOfSixs":9,"strikingRate":166.27},{"player":"Kedar Jadhav","match":0,"century":0,"fifty":1,"average":18.0,"noOfFours":19,"noOfSixs":3,"strikingRate":95.85},{"player":"Shimron Hetmyer","match":0,"century":0,"fifty":1,"average":18.0,"noOfFours":4,"noOfSixs":7,"strikingRate":123.28},{"player":"Axar Patel","match":0,"century":0,"fifty":0,"average":18.33,"noOfFours":10,"noOfSixs":3,"strikingRate":125.0},{"player":"Colin Ingram","match":0,"century":0,"fifty":0,"average":18.4,"noOfFours":20,"noOfSixs":5,"strikingRate":119.48},{"player":"Rinku Singh","match":0,"century":0,"fifty":0,"average":18.5,"noOfFours":1,"noOfSixs":2,"strikingRate":108.82},{"player":"Prayas Ray Barman","match":0,"century":0,"fifty":0,"average":19.0,"noOfFours":2,"noOfSixs":0,"strikingRate":79.16},{"player":"Mohammad Nabi","match":0,"century":0,"fifty":0,"average":19.16,"noOfFours":8,"noOfSixs":7,"strikingRate":151.31},{"player":"Vijay Shankar","match":0,"century":0,"fifty":0,"average":20.33,"noOfFours":11,"noOfSixs":12,"strikingRate":126.42},{"player":"Ben Stokes","match":0,"century":0,"fifty":0,"average":20.5,"noOfFours":8,"noOfSixs":4,"strikingRate":124.24},{"player":"Colin Munro","match":0,"century":0,"fifty":0,"average":21.0,"noOfFours":9,"noOfSixs":4,"strikingRate":120.0},{"player":"Prithvi Shaw","match":0,"century":0,"fifty":2,"average":22.06,"noOfFours":45,"noOfSixs":9,"strikingRate":133.71},{"player":"Kane Williamson","match":0,"century":0,"fifty":1,"average":22.28,"noOfFours":12,"noOfSixs":5,"strikingRate":120.0},{"player":"Stuart Binny","match":0,"century":0,"fifty":0,"average":23.33,"noOfFours":5,"noOfSixs":4,"strikingRate":175.0},{"player":"Shane Watson","match":0,"century":0,"fifty":3,"average":23.41,"noOfFours":42,"noOfSixs":20,"strikingRate":127.56},{"player":"Ambati Rayudu","match":0,"century":0,"fifty":1,"average":23.5,"noOfFours":20,"noOfSixs":7,"strikingRate":93.06},{"player":"Rahul Tripathi","match":0,"century":0,"fifty":1,"average":23.5,"noOfFours":13,"noOfSixs":2,"strikingRate":119.49},{"player":"Liam Livingstone","match":0,"century":0,"fifty":0,"average":23.66,"noOfFours":6,"noOfSixs":5,"strikingRate":147.91},{"player":"Sam Curran","match":0,"century":0,"fifty":1,"average":23.75,"noOfFours":13,"noOfSixs":3,"strikingRate":172.72},{"player":"Suresh Raina","match":0,"century":0,"fifty":3,"average":23.93,"noOfFours":45,"noOfSixs":9,"strikingRate":121.97},{"player":"Yuvraj Singh","match":0,"century":0,"fifty":1,"average":24.5,"noOfFours":7,"noOfSixs":6,"strikingRate":130.66},{"player":"Mayank Agarwal","match":0,"century":0,"fifty":2,"average":25.53,"noOfFours":26,"noOfSixs":14,"strikingRate":141.88},{"player":"Rahul Tewatia","match":0,"century":0,"fifty":0,"average":26.0,"noOfFours":2,"noOfSixs":1,"strikingRate":118.18},{"player":"David Miller","match":0,"century":0,"fifty":1,"average":26.62,"noOfFours":19,"noOfSixs":7,"strikingRate":129.87},{"player":"Parthiv Patel","match":0,"century":0,"fifty":2,"average":26.64,"noOfFours":48,"noOfSixs":10,"strikingRate":139.17},{"player":"Martin Guptill","match":0,"century":0,"fifty":0,"average":27.0,"noOfFours":4,"noOfSixs":7,"strikingRate":152.83},{"player":"Moeen Ali","match":0,"century":0,"fifty":2,"average":27.5,"noOfFours":16,"noOfSixs":17,"strikingRate":165.41},{"player":"Nicholas Pooran","match":0,"century":0,"fifty":0,"average":28.0,"noOfFours":10,"noOfSixs":14,"strikingRate":157.0},{"player":"Rohit Sharma","match":0,"century":0,"fifty":2,"average":28.92,"noOfFours":52,"noOfSixs":10,"strikingRate":128.57},{"player":"Shreyas Iyer","match":0,"century":0,"fifty":3,"average":30.86,"noOfFours":41,"noOfSixs":14,"strikingRate":119.94},{"player":"Chris Lynn","match":0,"century":0,"fifty":4,"average":31.15,"noOfFours":41,"noOfSixs":22,"strikingRate":139.65},{"player":"Robin Uthappa","match":0,"century":0,"fifty":1,"average":31.33,"noOfFours":28,"noOfSixs":10,"strikingRate":115.1},{"player":"Dinesh Karthik","match":0,"century":0,"fifty":2,"average":31.62,"noOfFours":22,"noOfSixs":14,"strikingRate":146.24},{"player":"Murali Vijay","match":0,"century":0,"fifty":0,"average":32.0,"noOfFours":6,"noOfSixs":1,"strikingRate":104.91},{"player":"Riyan Parag","match":0,"century":0,"fifty":1,"average":32.0,"noOfFours":17,"noOfSixs":5,"strikingRate":126.98},{"player":"Mitchell Santner","match":0,"century":0,"fifty":0,"average":32.0,"noOfFours":0,"noOfSixs":3,"strikingRate":139.13},{"player":"Suryakumar Yadav","match":0,"century":0,"fifty":2,"average":32.61,"noOfFours":45,"noOfSixs":10,"strikingRate":130.86},{"player":"Gurkeerat Mann Singh","match":0,"century":0,"fifty":1,"average":32.66,"noOfFours":11,"noOfSixs":2,"strikingRate":140.0},{"player":"Ajinkya Rahane","match":0,"century":1,"fifty":1,"average":32.75,"noOfFours":45,"noOfSixs":9,"strikingRate":137.89},{"player":"Shubman Gill","match":0,"century":0,"fifty":3,"average":32.88,"noOfFours":21,"noOfSixs":10,"strikingRate":124.36},{"player":"Virat Kohli","match":0,"century":1,"fifty":2,"average":33.14,"noOfFours":46,"noOfSixs":13,"strikingRate":141.46},{"player":"Jofra Archer","match":0,"century":0,"fifty":0,"average":33.5,"noOfFours":4,"noOfSixs":4,"strikingRate":167.5},{"player":"Sanju Samson","match":0,"century":1,"fifty":0,"average":34.2,"noOfFours":28,"noOfSixs":13,"strikingRate":148.69},{"player":"Nitish Rana","match":0,"century":0,"fifty":3,"average":34.4,"noOfFours":27,"noOfSixs":21,"strikingRate":146.38},{"player":"Shikhar Dhawan","match":0,"century":0,"fifty":5,"average":34.73,"noOfFours":64,"noOfSixs":11,"strikingRate":135.67},{"player":"Kieron Pollard","match":0,"century":0,"fifty":1,"average":34.87,"noOfFours":14,"noOfSixs":22,"strikingRate":156.74},{"player":"Quinton de Kock","match":0,"century":0,"fifty":4,"average":35.26,"noOfFours":45,"noOfSixs":25,"strikingRate":132.91},{"player":"Ravindra Jadeja","match":0,"century":0,"fifty":0,"average":35.33,"noOfFours":7,"noOfSixs":4,"strikingRate":120.45},{"player":"Faf du Plessis","match":0,"century":0,"fifty":3,"average":36.0,"noOfFours":36,"noOfSixs":15,"strikingRate":123.36},{"player":"Rishabh Pant","match":0,"century":0,"fifty":3,"average":37.53,"noOfFours":37,"noOfSixs":27,"strikingRate":162.66},{"player":"Jos Buttler","match":0,"century":0,"fifty":3,"average":38.87,"noOfFours":38,"noOfSixs":14,"strikingRate":151.7},{"player":"Steve Smith","match":0,"century":0,"fifty":3,"average":39.87,"noOfFours":30,"noOfSixs":4,"strikingRate":116.0},{"player":"Chris Gayle","match":0,"century":0,"fifty":4,"average":40.83,"noOfFours":45,"noOfSixs":34,"strikingRate":153.6},{"player":"Mandeep Singh","match":0,"century":0,"fifty":0,"average":41.25,"noOfFours":10,"noOfSixs":4,"strikingRate":137.5},{"player":"Manish Pandey","match":0,"century":0,"fifty":3,"average":43.0,"noOfFours":34,"noOfSixs":6,"strikingRate":130.79},{"player":"AB de Villiers","match":0,"century":0,"fifty":5,"average":44.2,"noOfFours":31,"noOfSixs":26,"strikingRate":154.0},{"player":"Hardik Pandya","match":0,"century":0,"fifty":1,"average":44.66,"noOfFours":28,"noOfSixs":29,"strikingRate":191.42},{"player":"Sarfaraz Khan","match":0,"century":0,"fifty":1,"average":45.0,"noOfFours":19,"noOfSixs":4,"strikingRate":125.87},{"player":"Marcus Stoinis","match":0,"century":0,"fifty":0,"average":52.75,"noOfFours":14,"noOfSixs":10,"strikingRate":135.25},{"player":"KL Rahul","match":0,"century":1,"fifty":6,"average":53.9,"noOfFours":49,"noOfSixs":25,"strikingRate":135.38},{"player":"Jonny Bairstow","match":0,"century":1,"fifty":2,"average":55.62,"noOfFours":48,"noOfSixs":18,"strikingRate":157.24},{"player":"Andre Russell","match":0,"century":0,"fifty":4,"average":56.66,"noOfFours":31,"noOfSixs":52,"strikingRate":204.81},{"player":"David Warner ","match":0,"century":1,"fifty":8,"average":69.2,"noOfFours":57,"noOfSixs":21,"strikingRate":143.86},{"player":"MS Dhoni","match":0,"century":0,"fifty":3,"average":83.2,"noOfFours":22,"noOfSixs":23,"strikingRate":134.62}]
]]></system-out>
  <system-err><![CDATA[]]></system-err>
</testsuite>
