<?xml version="1.0" encoding="UTF-8"?>
<testsuite name="com.ipl2019.IPLMatch2019AnalyzerTest" tests="1" skipped="0" failures="0" errors="0" timestamp="2019-12-24T05:57:45" hostname="admin165-desktop" time="0.299">
  <properties/>
  <testcase name="givenIPLWktsRecordFile_sortedWithWorthBowlingAverage_shouldreturnPlayer" classname="com.ipl2019.IPLMatch2019AnalyzerTest" time="0.299"/>
  <system-out><![CDATA[]]></system-out>
  <system-err><![CDATA[]]></system-err>
</testsuite>
