<?xml version="1.0" encoding="UTF-8"?>
<testsuite name="com.ipl.IPLMatch2019Test" tests="1" skipped="0" failures="0" errors="0" timestamp="2019-12-14T07:47:17" hostname="admin165-desktop" time="0.219">
  <properties/>
  <testcase name="givenLoadmatchRunsRecord_ifLoded_shouldReturnResult" classname="com.ipl.IPLMatch2019Test" time="0.219"/>
  <system-out><![CDATA[]]></system-out>
  <system-err><![CDATA[]]></system-err>
</testsuite>
