<?xml version="1.0" encoding="UTF-8"?>
<testsuite name="com.ipl2019.IPLMatch2019Test" tests="1" skipped="0" failures="0" errors="0" timestamp="2019-12-21T10:30:38" hostname="admin165-desktop" time="0.293">
  <properties/>
  <testcase name="givenIPLWktsRecordFile_sortedWithWorstEconomy_shouldreturnPlayer" classname="com.ipl2019.IPLMatch2019Test" time="0.293"/>
  <system-out><![CDATA[]]></system-out>
  <system-err><![CDATA[]]></system-err>
</testsuite>
